# JRE version: OpenJDK Runtime Environment (17.0.6) (build 17.0.6+0-b2043.56-10027231)
# Java VM: OpenJDK 64-Bit Server VM (17.0.6+0-b2043.56-10027231, mixed mode, tiered, compressed oops, compressed class ptrs, g1 gc, windows-amd64)
GC Precious Log:
 CPUs: 8 total, 8 available
 Memory: 16264M
 Large Page Support: Disabled
 NUMA Support: Disabled
 Compressed Oops: Enabled (32-bit)
 Heap Region Size: 1M
 Heap Min Capacity: 8M
 Heap Initial Capacity: 256M
 Heap Max Capacity: 2G
 Pre-touch: Disabled
 Parallel Workers: 8
 Concurrent Workers: 2
 Concurrent Refinement Workers: 8
 Periodic GC: Disabled
Heap:
 garbage-first heap   total 322560K, used 178040K [0x0000000080000000, 0x0000000100000000)
  region size 1024K, 11 young (11264K), 11 survivors (11264K)
 Metaspace       used 116533K, committed 117312K, reserved 1155072K
  class space    used 16329K, committed 16704K, reserved 1048576K
GC Heap History (20 events):
Event: 23.473 GC heap after
{Heap after GC invocations=26 (full 0):
 garbage-first heap   total 206848K, used 93549K [0x0000000080000000, 0x0000000100000000)
  region size 1024K, 12 young (12288K), 12 survivors (12288K)
 Metaspace       used 97726K, committed 98368K, reserved 1138688K
  class space    used 13258K, committed 13568K, reserved 1048576K
}
Event: 24.798 GC heap before
{Heap before GC invocations=26 (full 0):
 garbage-first heap   total 206848K, used 162157K [0x0000000080000000, 0x0000000100000000)
  region size 1024K, 80 young (81920K), 12 survivors (12288K)
 Metaspace       used 99426K, committed 100096K, reserved 1138688K
  class space    used 13497K, committed 13824K, reserved 1048576K
}
Event: 24.821 GC heap after
{Heap after GC invocations=27 (full 0):
 garbage-first heap   total 206848K, used 102942K [0x0000000080000000, 0x0000000100000000)
  region size 1024K, 9 young (9216K), 9 survivors (9216K)
 Metaspace       used 99426K, committed 100096K, reserved 1138688K
  class space    used 13497K, committed 13824K, reserved 1048576K
}
Event: 25.354 GC heap before
{Heap before GC invocations=27 (full 0):
 garbage-first heap   total 206848K, used 164382K [0x0000000080000000, 0x0000000100000000)
  region size 1024K, 70 young (71680K), 9 survivors (9216K)
 Metaspace       used 101816K, committed 102528K, reserved 1138688K
  class space    used 13813K, committed 14144K, reserved 1048576K
}
Event: 25.367 GC heap after
{Heap after GC invocations=28 (full 0):
 garbage-first heap   total 206848K, used 111616K [0x0000000080000000, 0x0000000100000000)
  region size 1024K, 9 young (9216K), 9 survivors (9216K)
 Metaspace       used 101816K, committed 102528K, reserved 1138688K
  class space    used 13813K, committed 14144K, reserved 1048576K
}
Event: 25.932 GC heap before
{Heap before GC invocations=28 (full 0):
 garbage-first heap   total 206848K, used 164864K [0x0000000080000000, 0x0000000100000000)
  region size 1024K, 62 young (63488K), 9 survivors (9216K)
 Metaspace       used 105443K, committed 106176K, reserved 1146880K
  class space    used 14376K, committed 14720K, reserved 1048576K
}
Event: 25.947 GC heap after
{Heap after GC invocations=29 (full 0):
 garbage-first heap   total 206848K, used 122060K [0x0000000080000000, 0x0000000100000000)
  region size 1024K, 8 young (8192K), 8 survivors (8192K)
 Metaspace       used 105443K, committed 106176K, reserved 1146880K
  class space    used 14376K, committed 14720K, reserved 1048576K
}
Event: 26.033 GC heap before
{Heap before GC invocations=29 (full 0):
 garbage-first heap   total 206848K, used 130252K [0x0000000080000000, 0x0000000100000000)
  region size 1024K, 18 young (18432K), 8 survivors (8192K)
 Metaspace       used 105880K, committed 106560K, reserved 1146880K
  class space    used 14434K, committed 14784K, reserved 1048576K
}
Event: 26.044 GC heap after
{Heap after GC invocations=30 (full 0):
 garbage-first heap   total 294912K, used 124762K [0x0000000080000000, 0x0000000100000000)
  region size 1024K, 3 young (3072K), 3 survivors (3072K)
 Metaspace       used 105880K, committed 106560K, reserved 1146880K
  class space    used 14434K, committed 14784K, reserved 1048576K
}
Event: 26.699 GC heap before
{Heap before GC invocations=31 (full 0):
 garbage-first heap   total 294912K, used 223066K [0x0000000080000000, 0x0000000100000000)
  region size 1024K, 100 young (102400K), 3 survivors (3072K)
 Metaspace       used 109018K, committed 109760K, reserved 1146880K
  class space    used 14929K, committed 15296K, reserved 1048576K
}
Event: 26.720 GC heap after
{Heap after GC invocations=32 (full 0):
 garbage-first heap   total 294912K, used 140228K [0x0000000080000000, 0x0000000100000000)
  region size 1024K, 13 young (13312K), 13 survivors (13312K)
 Metaspace       used 109018K, committed 109760K, reserved 1146880K
  class space    used 14929K, committed 15296K, reserved 1048576K
}
Event: 26.731 GC heap before
{Heap before GC invocations=32 (full 0):
 garbage-first heap   total 294912K, used 141252K [0x0000000080000000, 0x0000000100000000)
  region size 1024K, 14 young (14336K), 13 survivors (13312K)
 Metaspace       used 109058K, committed 109760K, reserved 1146880K
  class space    used 14930K, committed 15296K, reserved 1048576K
}
Event: 26.755 GC heap after
{Heap after GC invocations=33 (full 0):
 garbage-first heap   total 294912K, used 140986K [0x0000000080000000, 0x0000000100000000)
  region size 1024K, 2 young (2048K), 2 survivors (2048K)
 Metaspace       used 109058K, committed 109760K, reserved 1146880K
  class space    used 14930K, committed 15296K, reserved 1048576K
}
Event: 27.098 GC heap before
{Heap before GC invocations=33 (full 0):
 garbage-first heap   total 294912K, used 228026K [0x0000000080000000, 0x0000000100000000)
  region size 1024K, 88 young (90112K), 2 survivors (2048K)
 Metaspace       used 110666K, committed 111360K, reserved 1146880K
  class space    used 15256K, committed 15616K, reserved 1048576K
}
Event: 27.122 GC heap after
{Heap after GC invocations=34 (full 0):
 garbage-first heap   total 294912K, used 155648K [0x0000000080000000, 0x0000000100000000)
  region size 1024K, 11 young (11264K), 11 survivors (11264K)
 Metaspace       used 110666K, committed 111360K, reserved 1146880K
  class space    used 15256K, committed 15616K, reserved 1048576K
}
Event: 27.623 GC heap before
{Heap before GC invocations=35 (full 0):
 garbage-first heap   total 322560K, used 233472K [0x0000000080000000, 0x0000000100000000)
  region size 1024K, 87 young (89088K), 11 survivors (11264K)
 Metaspace       used 112783K, committed 113472K, reserved 1146880K
  class space    used 15640K, committed 16000K, reserved 1048576K
}
Event: 27.650 GC heap after
{Heap after GC invocations=36 (full 0):
 garbage-first heap   total 322560K, used 168407K [0x0000000080000000, 0x0000000100000000)
  region size 1024K, 11 young (11264K), 11 survivors (11264K)
 Metaspace       used 112783K, committed 113472K, reserved 1146880K
  class space    used 15640K, committed 16000K, reserved 1048576K
}
Event: 27.673 GC heap before
{Heap before GC invocations=36 (full 0):
 garbage-first heap   total 322560K, used 172503K [0x0000000080000000, 0x0000000100000000)
  region size 1024K, 15 young (15360K), 11 survivors (11264K)
 Metaspace       used 112817K, committed 113536K, reserved 1146880K
  class space    used 15652K, committed 16000K, reserved 1048576K
}
Event: 27.696 GC heap after
{Heap after GC invocations=37 (full 0):
 garbage-first heap   total 322560K, used 168960K [0x0000000080000000, 0x0000000100000000)
  region size 1024K, 2 young (2048K), 2 survivors (2048K)
 Metaspace       used 112817K, committed 113536K, reserved 1146880K
  class space    used 15652K, committed 16000K, reserved 1048576K
}
Event: 28.173 GC heap before
{Heap before GC invocations=37 (full 0):
 garbage-first heap   total 322560K, used 253952K [0x0000000080000000, 0x0000000100000000)
  region size 1024K, 86 young (88064K), 2 survivors (2048K)
 Metaspace       used 116533K, committed 117312K, reserved 1155072K
  class space    used 16329K, committed 16704K, reserved 1048576K
}

