# JRE version: OpenJDK Runtime Environment (17.0.7) (build 17.0.7+0-b2043.56-10550314)
# Java VM: OpenJDK 64-Bit Server VM (17.0.7+0-b2043.56-10550314, mixed mode, tiered, compressed oops, compressed class ptrs, g1 gc, windows-amd64)
GC Precious Log:
 CPUs: 8 total, 8 available
 Memory: 16264M
 Large Page Support: Disabled
 NUMA Support: Disabled
 Compressed Oops: Enabled (32-bit)
 Heap Region Size: 1M
 Heap Min Capacity: 8M
 Heap Initial Capacity: 256M
 Heap Max Capacity: 2G
 Pre-touch: Disabled
 Parallel Workers: 8
 Concurrent Workers: 2
 Concurrent Refinement Workers: 8
 Periodic GC: Disabled
Heap:
 garbage-first heap   total 478208K, used 383197K [0x0000000080000000, 0x0000000100000000)
  region size 1024K, 6 young (6144K), 6 survivors (6144K)
 Metaspace       used 228774K, committed 230016K, reserved 1310720K
  class space    used 28217K, committed 28800K, reserved 1048576K
GC Heap History (20 events):
Event: 816.607 GC heap after
{Heap after GC invocations=200 (full 0):
 garbage-first heap   total 478208K, used 313079K [0x0000000080000000, 0x0000000100000000)
  region size 1024K, 6 young (6144K), 6 survivors (6144K)
 Metaspace       used 222978K, committed 224192K, reserved 1310720K
  class space    used 27403K, committed 28032K, reserved 1048576K
}
Event: 819.976 GC heap before
{Heap before GC invocations=200 (full 0):
 garbage-first heap   total 478208K, used 410359K [0x0000000080000000, 0x0000000100000000)
  region size 1024K, 102 young (104448K), 6 survivors (6144K)
 Metaspace       used 223527K, committed 224768K, reserved 1310720K
  class space    used 27473K, committed 28032K, reserved 1048576K
}
Event: 819.991 GC heap after
{Heap after GC invocations=201 (full 0):
 garbage-first heap   total 478208K, used 315110K [0x0000000080000000, 0x0000000100000000)
  region size 1024K, 8 young (8192K), 8 survivors (8192K)
 Metaspace       used 223527K, committed 224768K, reserved 1310720K
  class space    used 27473K, committed 28032K, reserved 1048576K
}
Event: 820.368 GC heap before
{Heap before GC invocations=201 (full 0):
 garbage-first heap   total 478208K, used 412390K [0x0000000080000000, 0x0000000100000000)
  region size 1024K, 104 young (106496K), 8 survivors (8192K)
 Metaspace       used 223536K, committed 224832K, reserved 1310720K
  class space    used 27474K, committed 28096K, reserved 1048576K
}
Event: 820.382 GC heap after
{Heap after GC invocations=202 (full 0):
 garbage-first heap   total 478208K, used 315789K [0x0000000080000000, 0x0000000100000000)
  region size 1024K, 6 young (6144K), 6 survivors (6144K)
 Metaspace       used 223536K, committed 224832K, reserved 1310720K
  class space    used 27474K, committed 28096K, reserved 1048576K
}
Event: 820.765 GC heap before
{Heap before GC invocations=202 (full 0):
 garbage-first heap   total 478208K, used 415117K [0x0000000080000000, 0x0000000100000000)
  region size 1024K, 104 young (106496K), 6 survivors (6144K)
 Metaspace       used 223538K, committed 224832K, reserved 1310720K
  class space    used 27474K, committed 28096K, reserved 1048576K
}
Event: 820.776 GC heap after
{Heap after GC invocations=203 (full 0):
 garbage-first heap   total 478208K, used 315761K [0x0000000080000000, 0x0000000100000000)
  region size 1024K, 6 young (6144K), 6 survivors (6144K)
 Metaspace       used 223538K, committed 224832K, reserved 1310720K
  class space    used 27474K, committed 28096K, reserved 1048576K
}
Event: 821.272 GC heap before
{Heap before GC invocations=203 (full 0):
 garbage-first heap   total 478208K, used 417137K [0x0000000080000000, 0x0000000100000000)
  region size 1024K, 106 young (108544K), 6 survivors (6144K)
 Metaspace       used 223708K, committed 224960K, reserved 1310720K
  class space    used 27492K, committed 28096K, reserved 1048576K
}
Event: 821.284 GC heap after
{Heap after GC invocations=204 (full 0):
 garbage-first heap   total 478208K, used 315678K [0x0000000080000000, 0x0000000100000000)
  region size 1024K, 6 young (6144K), 6 survivors (6144K)
 Metaspace       used 223708K, committed 224960K, reserved 1310720K
  class space    used 27492K, committed 28096K, reserved 1048576K
}
Event: 821.963 GC heap before
{Heap before GC invocations=204 (full 0):
 garbage-first heap   total 478208K, used 418078K [0x0000000080000000, 0x0000000100000000)
  region size 1024K, 107 young (109568K), 6 survivors (6144K)
 Metaspace       used 224671K, committed 225920K, reserved 1310720K
  class space    used 27632K, committed 28224K, reserved 1048576K
}
Event: 821.977 GC heap after
{Heap after GC invocations=205 (full 0):
 garbage-first heap   total 478208K, used 332821K [0x0000000080000000, 0x0000000100000000)
  region size 1024K, 14 young (14336K), 14 survivors (14336K)
 Metaspace       used 224671K, committed 225920K, reserved 1310720K
  class space    used 27632K, committed 28224K, reserved 1048576K
}
Event: 822.535 GC heap before
{Heap before GC invocations=205 (full 0):
 garbage-first heap   total 478208K, used 407573K [0x0000000080000000, 0x0000000100000000)
  region size 1024K, 88 young (90112K), 14 survivors (14336K)
 Metaspace       used 226222K, committed 227456K, reserved 1310720K
  class space    used 27864K, committed 28480K, reserved 1048576K
}
Event: 822.553 GC heap after
{Heap after GC invocations=206 (full 0):
 garbage-first heap   total 478208K, used 346285K [0x0000000080000000, 0x0000000100000000)
  region size 1024K, 11 young (11264K), 11 survivors (11264K)
 Metaspace       used 226222K, committed 227456K, reserved 1310720K
  class space    used 27864K, committed 28480K, reserved 1048576K
}
Event: 822.916 GC heap before
{Heap before GC invocations=206 (full 0):
 garbage-first heap   total 478208K, used 407725K [0x0000000080000000, 0x0000000100000000)
  region size 1024K, 71 young (72704K), 11 survivors (11264K)
 Metaspace       used 227008K, committed 228288K, reserved 1310720K
  class space    used 27976K, committed 28608K, reserved 1048576K
}
Event: 822.941 GC heap after
{Heap after GC invocations=207 (full 0):
 garbage-first heap   total 478208K, used 357195K [0x0000000080000000, 0x0000000100000000)
  region size 1024K, 9 young (9216K), 9 survivors (9216K)
 Metaspace       used 227008K, committed 228288K, reserved 1310720K
  class space    used 27976K, committed 28608K, reserved 1048576K
}
Event: 823.286 GC heap before
{Heap before GC invocations=207 (full 0):
 garbage-first heap   total 478208K, used 408395K [0x0000000080000000, 0x0000000100000000)
  region size 1024K, 60 young (61440K), 9 survivors (9216K)
 Metaspace       used 227661K, committed 228928K, reserved 1310720K
  class space    used 28070K, committed 28672K, reserved 1048576K
}
Event: 823.321 GC heap after
{Heap after GC invocations=208 (full 0):
 garbage-first heap   total 478208K, used 367169K [0x0000000080000000, 0x0000000100000000)
  region size 1024K, 8 young (8192K), 8 survivors (8192K)
 Metaspace       used 227661K, committed 228928K, reserved 1310720K
  class space    used 28070K, committed 28672K, reserved 1048576K
}
Event: 823.530 GC heap before
{Heap before GC invocations=208 (full 0):
 garbage-first heap   total 478208K, used 410177K [0x0000000080000000, 0x0000000100000000)
  region size 1024K, 51 young (52224K), 8 survivors (8192K)
 Metaspace       used 228208K, committed 229440K, reserved 1310720K
  class space    used 28131K, committed 28736K, reserved 1048576K
}
Event: 823.560 GC heap after
{Heap after GC invocations=209 (full 0):
 garbage-first heap   total 478208K, used 375807K [0x0000000080000000, 0x0000000100000000)
  region size 1024K, 7 young (7168K), 7 survivors (7168K)
 Metaspace       used 228208K, committed 229440K, reserved 1310720K
  class space    used 28131K, committed 28736K, reserved 1048576K
}
Event: 823.721 GC heap before
{Heap before GC invocations=209 (full 0):
 garbage-first heap   total 478208K, used 412671K [0x0000000080000000, 0x0000000100000000)
  region size 1024K, 44 young (45056K), 7 survivors (7168K)
 Metaspace       used 228774K, committed 230016K, reserved 1310720K
  class space    used 28217K, committed 28800K, reserved 1048576K
}

