# JRE version: OpenJDK Runtime Environment (17.0.6) (build 17.0.6+0-b2043.56-10027231)
# Java VM: OpenJDK 64-Bit Server VM (17.0.6+0-b2043.56-10027231, mixed mode, tiered, compressed oops, compressed class ptrs, g1 gc, windows-amd64)
GC Precious Log:
 CPUs: 8 total, 8 available
 Memory: 16264M
 Large Page Support: Disabled
 NUMA Support: Disabled
 Compressed Oops: Enabled (32-bit)
 Heap Region Size: 1M
 Heap Min Capacity: 8M
 Heap Initial Capacity: 256M
 Heap Max Capacity: 2G
 Pre-touch: Disabled
 Parallel Workers: 8
 Concurrent Workers: 2
 Concurrent Refinement Workers: 8
 Periodic GC: Disabled
Heap:
 garbage-first heap   total 331776K, used 157326K [0x0000000080000000, 0x0000000100000000)
  region size 1024K, 9 young (9216K), 9 survivors (9216K)
 Metaspace       used 110907K, committed 111616K, reserved 1146880K
  class space    used 15270K, committed 15616K, reserved 1048576K
GC Heap History (20 events):
Event: 20.737 GC heap after
{Heap after GC invocations=27 (full 0):
 garbage-first heap   total 131072K, used 72891K [0x0000000080000000, 0x0000000100000000)
  region size 1024K, 4 young (4096K), 4 survivors (4096K)
 Metaspace       used 83266K, committed 83904K, reserved 1122304K
  class space    used 11230K, committed 11520K, reserved 1048576K
}
Event: 20.776 GC heap before
{Heap before GC invocations=27 (full 0):
 garbage-first heap   total 131072K, used 74939K [0x0000000080000000, 0x0000000100000000)
  region size 1024K, 6 young (6144K), 4 survivors (4096K)
 Metaspace       used 83503K, committed 84160K, reserved 1122304K
  class space    used 11278K, committed 11584K, reserved 1048576K
}
Event: 20.782 GC heap after
{Heap after GC invocations=28 (full 0):
 garbage-first heap   total 131072K, used 72672K [0x0000000080000000, 0x0000000100000000)
  region size 1024K, 1 young (1024K), 1 survivors (1024K)
 Metaspace       used 83503K, committed 84160K, reserved 1122304K
  class space    used 11278K, committed 11584K, reserved 1048576K
}
Event: 21.736 GC heap before
{Heap before GC invocations=28 (full 0):
 garbage-first heap   total 131072K, used 107488K [0x0000000080000000, 0x0000000100000000)
  region size 1024K, 35 young (35840K), 1 survivors (1024K)
 Metaspace       used 86896K, committed 87488K, reserved 1130496K
  class space    used 11754K, committed 12032K, reserved 1048576K
}
Event: 21.749 GC heap after
{Heap after GC invocations=29 (full 0):
 garbage-first heap   total 262144K, used 75474K [0x0000000080000000, 0x0000000100000000)
  region size 1024K, 4 young (4096K), 4 survivors (4096K)
 Metaspace       used 86896K, committed 87488K, reserved 1130496K
  class space    used 11754K, committed 12032K, reserved 1048576K
}
Event: 24.683 GC heap before
{Heap before GC invocations=30 (full 0):
 garbage-first heap   total 262144K, used 207570K [0x0000000080000000, 0x0000000100000000)
  region size 1024K, 132 young (135168K), 4 survivors (4096K)
 Metaspace       used 96120K, committed 96768K, reserved 1138688K
  class space    used 12944K, committed 13248K, reserved 1048576K
}
Event: 24.703 GC heap after
{Heap after GC invocations=31 (full 0):
 garbage-first heap   total 262144K, used 90917K [0x0000000080000000, 0x0000000100000000)
  region size 1024K, 17 young (17408K), 17 survivors (17408K)
 Metaspace       used 96120K, committed 96768K, reserved 1138688K
  class space    used 12944K, committed 13248K, reserved 1048576K
}
Event: 24.745 GC heap before
{Heap before GC invocations=31 (full 0):
 garbage-first heap   total 262144K, used 91941K [0x0000000080000000, 0x0000000100000000)
  region size 1024K, 18 young (18432K), 17 survivors (17408K)
 Metaspace       used 96280K, committed 96896K, reserved 1138688K
  class space    used 12977K, committed 13248K, reserved 1048576K
}
Event: 24.762 GC heap after
{Heap after GC invocations=32 (full 0):
 garbage-first heap   total 262144K, used 92374K [0x0000000080000000, 0x0000000100000000)
  region size 1024K, 2 young (2048K), 2 survivors (2048K)
 Metaspace       used 96280K, committed 96896K, reserved 1138688K
  class space    used 12977K, committed 13248K, reserved 1048576K
}
Event: 26.820 GC heap before
{Heap before GC invocations=32 (full 0):
 garbage-first heap   total 262144K, used 196822K [0x0000000080000000, 0x0000000100000000)
  region size 1024K, 105 young (107520K), 2 survivors (2048K)
 Metaspace       used 100156K, committed 100864K, reserved 1138688K
  class space    used 13569K, committed 13888K, reserved 1048576K
}
Event: 26.833 GC heap after
{Heap after GC invocations=33 (full 0):
 garbage-first heap   total 262144K, used 101155K [0x0000000080000000, 0x0000000100000000)
  region size 1024K, 11 young (11264K), 11 survivors (11264K)
 Metaspace       used 100156K, committed 100864K, reserved 1138688K
  class space    used 13569K, committed 13888K, reserved 1048576K
}
Event: 27.801 GC heap before
{Heap before GC invocations=33 (full 0):
 garbage-first heap   total 262144K, used 200483K [0x0000000080000000, 0x0000000100000000)
  region size 1024K, 109 young (111616K), 11 survivors (11264K)
 Metaspace       used 105408K, committed 106112K, reserved 1146880K
  class space    used 14371K, committed 14720K, reserved 1048576K
}
Event: 27.819 GC heap after
{Heap after GC invocations=34 (full 0):
 garbage-first heap   total 262144K, used 117725K [0x0000000080000000, 0x0000000100000000)
  region size 1024K, 14 young (14336K), 14 survivors (14336K)
 Metaspace       used 105408K, committed 106112K, reserved 1146880K
  class space    used 14371K, committed 14720K, reserved 1048576K
}
Event: 28.396 GC heap before
{Heap before GC invocations=35 (full 0):
 garbage-first heap   total 262144K, used 203741K [0x0000000080000000, 0x0000000100000000)
  region size 1024K, 98 young (100352K), 14 survivors (14336K)
 Metaspace       used 107844K, committed 108544K, reserved 1146880K
  class space    used 14746K, committed 15104K, reserved 1048576K
}
Event: 28.419 GC heap after
{Heap after GC invocations=36 (full 0):
 garbage-first heap   total 262144K, used 132096K [0x0000000080000000, 0x0000000100000000)
  region size 1024K, 13 young (13312K), 13 survivors (13312K)
 Metaspace       used 107844K, committed 108544K, reserved 1146880K
  class space    used 14746K, committed 15104K, reserved 1048576K
}
Event: 28.423 GC heap before
{Heap before GC invocations=36 (full 0):
 garbage-first heap   total 262144K, used 133120K [0x0000000080000000, 0x0000000100000000)
  region size 1024K, 14 young (14336K), 13 survivors (13312K)
 Metaspace       used 107940K, committed 108672K, reserved 1146880K
  class space    used 14749K, committed 15104K, reserved 1048576K
}
Event: 28.440 GC heap after
{Heap after GC invocations=37 (full 0):
 garbage-first heap   total 262144K, used 134021K [0x0000000080000000, 0x0000000100000000)
  region size 1024K, 2 young (2048K), 2 survivors (2048K)
 Metaspace       used 107940K, committed 108672K, reserved 1146880K
  class space    used 14749K, committed 15104K, reserved 1048576K
}
Event: 28.781 GC heap before
{Heap before GC invocations=37 (full 0):
 garbage-first heap   total 262144K, used 206725K [0x0000000080000000, 0x0000000100000000)
  region size 1024K, 74 young (75776K), 2 survivors (2048K)
 Metaspace       used 110058K, committed 110784K, reserved 1146880K
  class space    used 15164K, committed 15552K, reserved 1048576K
}
Event: 28.805 GC heap after
{Heap after GC invocations=38 (full 0):
 garbage-first heap   total 262144K, used 145750K [0x0000000080000000, 0x0000000100000000)
  region size 1024K, 10 young (10240K), 10 survivors (10240K)
 Metaspace       used 110058K, committed 110784K, reserved 1146880K
  class space    used 15164K, committed 15552K, reserved 1048576K
}
Event: 29.131 GC heap before
{Heap before GC invocations=38 (full 0):
 garbage-first heap   total 331776K, used 209238K [0x0000000080000000, 0x0000000100000000)
  region size 1024K, 72 young (73728K), 10 survivors (10240K)
 Metaspace       used 110907K, committed 111616K, reserved 1146880K
  class space    used 15270K, committed 15616K, reserved 1048576K
}

